
The coordinate (X) of the equilibrium point P in km is:-2.979842429137995E-01
The coordinate (Y) of the equilibrium point P in km is:-1.242945883384086E-01
The coordinate (Z) of the equilibrium point P in km is:-2.616683058340422E-03
-------------------------------------------------------------------

The gravitational potential (U) in km^2*sec^-2 at P is:-1.564433393133380E-08
-------------------------------------------------------------------

The first derivative       (Ux) in   km*sec^-2 at P is: 4.918220151995916E-08
The first derivative       (Uy) in   km*sec^-2 at P is: 2.051478102239244E-08
The first derivative       (Uz) in   km*sec^-2 at P is: 1.358330126369198E-22
-------------------------------------------------------------------

Length of the attraction vector in   km*sec^-2 at P is: 5.328925958151967E-08
phi   (angle to x-axis in degrees) :  22.64190
theta (angle to y-axis in degrees) :  67.35810
omega (angle to z-axis in degrees) :  90.00000

-------------------------------------------------------------------

The second  derivative    (Uxx) in     sec^-2 at P is: 3.270960399070919E-07
The second  derivative    (Uyy) in     sec^-2 at P is:-9.661792396734607E-08
The second  derivative    (Uzz) in     sec^-2 at P is:-2.304781159397464E-07

-------------------------------------------------------------------
The Laplace equation ( Uxx + Uyy + Uzz ) at P gives  :-6.617444900424221E-22
-------------------------------------------------------------------

The second  derivative    (Uxy) in     sec^-2 at P is: 2.051358264214274E-07
The second  derivative    (Uxz) in     sec^-2 at P is:-4.568835582901312E-09
The second  derivative    (Uyx) in     sec^-2 at P is: 2.051358264214274E-07
The second  derivative    (Uyz) in     sec^-2 at P is:-1.398510820295465E-09
The second  derivative    (Uzx) in     sec^-2 at P is:-4.568835582901312E-09
The second  derivative    (Uzy) in     sec^-2 at P is:-1.398510820295465E-09

-------------------------------------------------------------------

The Jacobi Constant (J) or (V) in km^2*sec^-2 at P is:-2.424703260472963E-08

-------------------------------------------------------------------

The Rotation Period in hours is: 4.296057000000000E+00
Density: 1.190000000000000E+12

