
The coordinate (X) of the equilibrium point P in km is: 3.114092588603480E-01
The coordinate (Y) of the equilibrium point P in km is: 8.509076842536679E-02
The coordinate (Z) of the equilibrium point P in km is:-8.460310116715139E-04
-------------------------------------------------------------------

The gravitational potential (U) in km^2*sec^-2 at P is:-1.564729164853005E-08
-------------------------------------------------------------------

The first derivative       (Ux) in   km*sec^-2 at P is:-5.139799599702051E-08
The first derivative       (Uy) in   km*sec^-2 at P is:-1.404420340911456E-08
The first derivative       (Uz) in   km*sec^-2 at P is:-7.342153263939058E-21
-------------------------------------------------------------------

Length of the attraction vector in   km*sec^-2 at P is: 5.328220755473933E-08
phi   (angle to x-axis in degrees) : 164.71732
theta (angle to y-axis in degrees) : 105.28268
omega (angle to z-axis in degrees) :  90.00000

-------------------------------------------------------------------

The second  derivative    (Uxx) in     sec^-2 at P is: 3.723303540049780E-07
The second  derivative    (Uyy) in     sec^-2 at P is:-1.492328523997494E-07
The second  derivative    (Uzz) in     sec^-2 at P is:-2.230975016052258E-07

-------------------------------------------------------------------
The Laplace equation ( Uxx + Uyy + Uzz ) at P gives  : 2.805796637779870E-21
-------------------------------------------------------------------

The second  derivative    (Uxy) in     sec^-2 at P is: 1.501947979716150E-07
The second  derivative    (Uxz) in     sec^-2 at P is: 1.136707297368315E-09
The second  derivative    (Uyx) in     sec^-2 at P is: 1.501947979716150E-07
The second  derivative    (Uyz) in     sec^-2 at P is:-3.392519212189865E-09
The second  derivative    (Uzx) in     sec^-2 at P is: 1.136707297368315E-09
The second  derivative    (Uzy) in     sec^-2 at P is:-3.392519212189865E-09

-------------------------------------------------------------------

The Jacobi Constant (J) or (V) in km^2*sec^-2 at P is:-2.424771359869724E-08

-------------------------------------------------------------------

The Rotation Period in hours is: 4.296057000000000E+00
Density: 1.190000000000000E+12

