
The coordinate (X) of the equilibrium point P in km is:-2.738877051594220E-01
The coordinate (Y) of the equilibrium point P in km is: 1.622517972409430E-01
The coordinate (Z) of the equilibrium point P in km is:-2.193566075641843E-03
-------------------------------------------------------------------

The gravitational potential (U) in km^2*sec^-2 at P is:-1.575888163701836E-08
-------------------------------------------------------------------

The first derivative       (Ux) in   km*sec^-2 at P is: 4.520507585978747E-08
The first derivative       (Uy) in   km*sec^-2 at P is:-2.677960588896770E-08
The first derivative       (Uz) in   km*sec^-2 at P is: 2.854117720567960E-19
-------------------------------------------------------------------

Length of the attraction vector in   km*sec^-2 at P is: 5.254185165235018E-08
phi   (angle to x-axis in degrees) :  30.64261
theta (angle to y-axis in degrees) : 120.64261
omega (angle to z-axis in degrees) :  90.00000

-------------------------------------------------------------------

The second  derivative    (Uxx) in     sec^-2 at P is: 2.309311205792093E-07
The second  derivative    (Uyy) in     sec^-2 at P is:-1.770183633930592E-08
The second  derivative    (Uzz) in     sec^-2 at P is:-2.132292842399045E-07

-------------------------------------------------------------------
The Laplace equation ( Uxx + Uyy + Uzz ) at P gives  :-1.111730743271269E-21
-------------------------------------------------------------------

The second  derivative    (Uxy) in     sec^-2 at P is:-2.272784988900115E-07
The second  derivative    (Uxz) in     sec^-2 at P is:-2.661176586881087E-09
The second  derivative    (Uyx) in     sec^-2 at P is:-2.272784988900115E-07
The second  derivative    (Uyz) in     sec^-2 at P is: 5.516420563541433E-09
The second  derivative    (Uzx) in     sec^-2 at P is:-2.661176586881087E-09
The second  derivative    (Uzy) in     sec^-2 at P is: 5.516420563541433E-09

-------------------------------------------------------------------

The Jacobi Constant (J) or (V) in km^2*sec^-2 at P is:-2.412195847595060E-08

-------------------------------------------------------------------

The Rotation Period in hours is: 4.296057000000000E+00
Density: 1.190000000000000E+12

