
The coordinate (X) of the equilibrium point P in km is: 1.875574680533905E-01
The coordinate (Y) of the equilibrium point P in km is:-2.575884274329216E-01
The coordinate (Z) of the equilibrium point P in km is:-1.566289445108434E-03
-------------------------------------------------------------------

The gravitational potential (U) in km^2*sec^-2 at P is:-1.568476125657065E-08
-------------------------------------------------------------------

The first derivative       (Ux) in   km*sec^-2 at P is:-3.095597681387446E-08
The first derivative       (Uy) in   km*sec^-2 at P is: 4.251511675491707E-08
The first derivative       (Uz) in   km*sec^-2 at P is:-4.377192716624618E-15
-------------------------------------------------------------------

Length of the attraction vector in   km*sec^-2 at P is: 5.259094649448118E-08
phi   (angle to x-axis in degrees) : 126.05900
theta (angle to y-axis in degrees) :  36.05900
omega (angle to z-axis in degrees) :  90.00000

-------------------------------------------------------------------

The second  derivative    (Uxx) in     sec^-2 at P is: 2.322791777768952E-08
The second  derivative    (Uyy) in     sec^-2 at P is: 1.847145344175386E-07
The second  derivative    (Uzz) in     sec^-2 at P is:-2.079424521952289E-07

-------------------------------------------------------------------
The Laplace equation ( Uxx + Uyy + Uzz ) at P gives  :-8.470329472543003E-22
-------------------------------------------------------------------

The second  derivative    (Uxy) in     sec^-2 at P is:-2.709236737426657E-07
The second  derivative    (Uxz) in     sec^-2 at P is: 3.746699642407651E-09
The second  derivative    (Uyx) in     sec^-2 at P is:-2.709236737426657E-07
The second  derivative    (Uyz) in     sec^-2 at P is:-4.507096118329195E-09
The second  derivative    (Uzx) in     sec^-2 at P is: 3.746699642407651E-09
The second  derivative    (Uzy) in     sec^-2 at P is:-4.507096118329195E-09

-------------------------------------------------------------------

The Jacobi Constant (J) or (V) in km^2*sec^-2 at P is:-2.406347498596843E-08

-------------------------------------------------------------------

The Rotation Period in hours is: 4.296057000000000E+00
Density: 1.190000000000000E+12

