
The coordinate (X) of the equilibrium point P in km is:-1.928483984412436E-01
The coordinate (Y) of the equilibrium point P in km is: 2.572071806597304E-01
The coordinate (Z) of the equilibrium point P in km is:-2.080185731552528E-04
-------------------------------------------------------------------

The gravitational potential (U) in km^2*sec^-2 at P is:-1.563943649315714E-08
-------------------------------------------------------------------

The first derivative       (Ux) in   km*sec^-2 at P is: 3.182923062036068E-08
The first derivative       (Uy) in   km*sec^-2 at P is:-4.245219020912299E-08
The first derivative       (Uz) in   km*sec^-2 at P is:-1.130364390981347E-14
-------------------------------------------------------------------

Length of the attraction vector in   km*sec^-2 at P is: 5.305929113205144E-08
phi   (angle to x-axis in degrees) :  53.13867
theta (angle to y-axis in degrees) : 143.13867
omega (angle to z-axis in degrees) :  90.00001

-------------------------------------------------------------------

The second  derivative    (Uxx) in     sec^-2 at P is: 3.026538672507144E-08
The second  derivative    (Uyy) in     sec^-2 at P is: 1.950019042021009E-07
The second  derivative    (Uzz) in     sec^-2 at P is:-2.252672909271650E-07

-------------------------------------------------------------------
The Laplace equation ( Uxx + Uyy + Uzz ) at P gives  : 7.358598729271734E-21
-------------------------------------------------------------------

The second  derivative    (Uxy) in     sec^-2 at P is:-2.850152201879583E-07
The second  derivative    (Uxz) in     sec^-2 at P is: 2.199287611221383E-09
The second  derivative    (Uyx) in     sec^-2 at P is:-2.850152201879583E-07
The second  derivative    (Uyz) in     sec^-2 at P is: 2.153167534864408E-09
The second  derivative    (Uzx) in     sec^-2 at P is: 2.199287611221383E-09
The second  derivative    (Uzy) in     sec^-2 at P is: 2.153167534864408E-09

-------------------------------------------------------------------

The Jacobi Constant (J) or (V) in km^2*sec^-2 at P is:-2.416805137100617E-08

-------------------------------------------------------------------

The Rotation Period in hours is: 4.296057000000000E+00
Density: 1.190000000000000E+12

