
The coordinate (X) of the equilibrium point P in km is:-2.727396202813948E-01
The coordinate (Y) of the equilibrium point P in km is: 1.639045155247731E-01
The coordinate (Z) of the equilibrium point P in km is:-2.315556848475193E-03
-------------------------------------------------------------------

The gravitational potential (U) in km^2*sec^-2 at P is:-1.575938586362876E-08
-------------------------------------------------------------------

The first derivative       (Ux) in   km*sec^-2 at P is: 4.501580107433184E-08
The first derivative       (Uy) in   km*sec^-2 at P is:-2.705204828565812E-08
The first derivative       (Uz) in   km*sec^-2 at P is: 8.418086940464754E-16
-------------------------------------------------------------------

Length of the attraction vector in   km*sec^-2 at P is: 5.251890766965165E-08
phi   (angle to x-axis in degrees) :  31.00358
theta (angle to y-axis in degrees) : 121.00358
omega (angle to z-axis in degrees) :  90.00000

-------------------------------------------------------------------

The second  derivative    (Uxx) in     sec^-2 at P is: 2.279066705655476E-07
The second  derivative    (Uyy) in     sec^-2 at P is:-1.526827238260289E-08
The second  derivative    (Uzz) in     sec^-2 at P is:-2.126383981829428E-07

-------------------------------------------------------------------
The Laplace equation ( Uxx + Uyy + Uzz ) at P gives  : 1.985233470127266E-21
-------------------------------------------------------------------

The second  derivative    (Uxy) in     sec^-2 at P is:-2.277398752861843E-07
The second  derivative    (Uxz) in     sec^-2 at P is:-2.754274516601233E-09
The second  derivative    (Uyx) in     sec^-2 at P is:-2.277398752861843E-07
The second  derivative    (Uyz) in     sec^-2 at P is: 5.678124394471647E-09
The second  derivative    (Uzx) in     sec^-2 at P is:-2.754274516601233E-09
The second  derivative    (Uzy) in     sec^-2 at P is: 5.678124394471647E-09

-------------------------------------------------------------------

The Jacobi Constant (J) or (V) in km^2*sec^-2 at P is:-2.411515677349063E-08

-------------------------------------------------------------------

The Rotation Period in hours is: 4.296057000000000E+00
Density: 1.190000000000000E+12

