
The coordinate (X) of the equilibrium point P in km is: 8.877245716730734E-04
The coordinate (Y) of the equilibrium point P in km is:-3.115495041885287E-04
The coordinate (Z) of the equilibrium point P in km is: 2.171945115342200E-05
-------------------------------------------------------------------

The gravitational potential (U) in km^2*sec^-2 at P is:-2.983367336991215E-08
-------------------------------------------------------------------

The first derivative       (Ux) in   km*sec^-2 at P is:-1.465182978218645E-10
The first derivative       (Uy) in   km*sec^-2 at P is: 5.142132052980178E-11
The first derivative       (Uz) in   km*sec^-2 at P is:-1.461364049135033E-15
-------------------------------------------------------------------

Length of the attraction vector in   km*sec^-2 at P is: 1.552796310009165E-10
phi   (angle to x-axis in degrees) : 160.66123
theta (angle to y-axis in degrees) :  70.66123
omega (angle to z-axis in degrees) :  90.00054

-------------------------------------------------------------------

The second  derivative    (Uxx) in     sec^-2 at P is:-3.093104199813549E-07
The second  derivative    (Uyy) in     sec^-2 at P is:-3.195916306720617E-07
The second  derivative    (Uzz) in     sec^-2 at P is:-3.691685145082032E-07

-------------------------------------------------------------------
The Laplace equation ( Uxx + Uyy + Uzz ) at P gives  :-9.980705651616199E-07
-------------------------------------------------------------------

The second  derivative    (Uxy) in     sec^-2 at P is:-3.811154507042301E-10
The second  derivative    (Uxz) in     sec^-2 at P is:-4.256168701027156E-10
The second  derivative    (Uyx) in     sec^-2 at P is:-3.811154507042301E-10
The second  derivative    (Uyz) in     sec^-2 at P is:-8.014036462093639E-10
The second  derivative    (Uzx) in     sec^-2 at P is:-4.256168701027156E-10
The second  derivative    (Uzy) in     sec^-2 at P is:-8.014036462093639E-10

-------------------------------------------------------------------

The Jacobi Constant (J) or (V) in km^2*sec^-2 at P is:-2.983374641413061E-08

-------------------------------------------------------------------

The Rotation Period in hours is: 4.296057000000000E+00
Density: 1.190000000000000E+12

