
The coordinate (X) of the equilibrium point P in km is:-2.727552080681701E-01
The coordinate (Y) of the equilibrium point P in km is: 1.638785727120429E-01
The coordinate (Z) of the equilibrium point P in km is:-2.316043679926322E-03
-------------------------------------------------------------------

The gravitational potential (U) in km^2*sec^-2 at P is:-1.575938590362171E-08
-------------------------------------------------------------------

The first derivative       (Ux) in   km*sec^-2 at P is: 4.501815759671215E-08
The first derivative       (Uy) in   km*sec^-2 at P is:-2.704810465518496E-08
The first derivative       (Uz) in   km*sec^-2 at P is: 1.620082763311730E-21
-------------------------------------------------------------------

Length of the attraction vector in   km*sec^-2 at P is: 5.251889639777524E-08
phi   (angle to x-axis in degrees) :  30.99857
theta (angle to y-axis in degrees) : 120.99857
omega (angle to z-axis in degrees) :  90.00000

-------------------------------------------------------------------

The second  derivative    (Uxx) in     sec^-2 at P is: 2.279407013185405E-07
The second  derivative    (Uyy) in     sec^-2 at P is:-1.530343603055222E-08
The second  derivative    (Uzz) in     sec^-2 at P is:-2.126372652879871E-07

-------------------------------------------------------------------
The Laplace equation ( Uxx + Uyy + Uzz ) at P gives  : 1.244079641279754E-21
-------------------------------------------------------------------

The second  derivative    (Uxy) in     sec^-2 at P is:-2.277239845377307E-07
The second  derivative    (Uxz) in     sec^-2 at P is:-2.756299352402181E-09
The second  derivative    (Uyx) in     sec^-2 at P is:-2.277239845377307E-07
The second  derivative    (Uyz) in     sec^-2 at P is: 5.678347531167549E-09
The second  derivative    (Uzx) in     sec^-2 at P is:-2.756299352402181E-09
The second  derivative    (Uzy) in     sec^-2 at P is: 5.678347531167549E-09

-------------------------------------------------------------------

The Jacobi Constant (J) or (V) in km^2*sec^-2 at P is:-2.411515676741798E-08

-------------------------------------------------------------------

The Rotation Period in hours is: 4.296057000000000E+00
Density: 1.190000000000000E+12

