
The coordinate (X) of the equilibrium point P in km is: 8.090346289151459E-02
The coordinate (Y) of the equilibrium point P in km is: 3.034464544549958E-01
The coordinate (Z) of the equilibrium point P in km is: 1.796009293147510E-03
-------------------------------------------------------------------

The gravitational potential (U) in km^2*sec^-2 at P is:-1.577219361762150E-08
-------------------------------------------------------------------

The first derivative       (Ux) in   km*sec^-2 at P is:-1.335309000465072E-08
The first derivative       (Uy) in   km*sec^-2 at P is:-5.008373774260505E-08
The first derivative       (Uz) in   km*sec^-2 at P is:-3.699404103018524E-21
-------------------------------------------------------------------

Length of the attraction vector in   km*sec^-2 at P is: 5.183324993613988E-08
phi   (angle to x-axis in degrees) : 104.92867
theta (angle to y-axis in degrees) : 165.07133
omega (angle to z-axis in degrees) :  90.00000

-------------------------------------------------------------------

The second  derivative    (Uxx) in     sec^-2 at P is:-1.200924210415451E-07
The second  derivative    (Uyy) in     sec^-2 at P is: 3.205516219326739E-07
The second  derivative    (Uzz) in     sec^-2 at P is:-2.004592008911194E-07

-------------------------------------------------------------------
The Laplace equation ( Uxx + Uyy + Uzz ) at P gives  : 9.396771758602394E-21
-------------------------------------------------------------------

The second  derivative    (Uxy) in     sec^-2 at P is: 1.252928903256569E-07
The second  derivative    (Uxz) in     sec^-2 at P is:-2.479998433454895E-09
The second  derivative    (Uyx) in     sec^-2 at P is: 1.252928903256569E-07
The second  derivative    (Uyz) in     sec^-2 at P is:-5.262531626748778E-09
The second  derivative    (Uzx) in     sec^-2 at P is:-2.479998433454895E-09
The second  derivative    (Uzy) in     sec^-2 at P is:-5.262531626748778E-09

-------------------------------------------------------------------

The Jacobi Constant (J) or (V) in km^2*sec^-2 at P is:-2.391121555038447E-08

-------------------------------------------------------------------

The Rotation Period in hours is: 4.296057000000000E+00
Density: 1.190000000000000E+12

