
The coordinate (X) of the equilibrium point P in km is: 1.875806860219082E-01
The coordinate (Y) of the equilibrium point P in km is:-2.575711022583906E-01
The coordinate (Z) of the equilibrium point P in km is:-1.566267578858152E-03
-------------------------------------------------------------------

The gravitational potential (U) in km^2*sec^-2 at P is:-1.568477902849732E-08
-------------------------------------------------------------------

The first derivative       (Ux) in   km*sec^-2 at P is:-3.096013063050634E-08
The first derivative       (Uy) in   km*sec^-2 at P is: 4.251202585940056E-08
The first derivative       (Uz) in   km*sec^-2 at P is: 1.709416711095561E-18
-------------------------------------------------------------------

Length of the attraction vector in   km*sec^-2 at P is: 5.259089304554886E-08
phi   (angle to x-axis in degrees) : 126.06464
theta (angle to y-axis in degrees) :  36.06464
omega (angle to z-axis in degrees) :  90.00000

-------------------------------------------------------------------

The second  derivative    (Uxx) in     sec^-2 at P is: 2.328920435885431E-08
The second  derivative    (Uyy) in     sec^-2 at P is: 1.846502527773961E-07
The second  derivative    (Uzz) in     sec^-2 at P is:-2.079394571362431E-07

-------------------------------------------------------------------
The Laplace equation ( Uxx + Uyy + Uzz ) at P gives  : 7.279189390466644E-21
-------------------------------------------------------------------

The second  derivative    (Uxy) in     sec^-2 at P is:-2.709369643184017E-07
The second  derivative    (Uxz) in     sec^-2 at P is: 3.747448697805902E-09
The second  derivative    (Uyx) in     sec^-2 at P is:-2.709369643184017E-07
The second  derivative    (Uyz) in     sec^-2 at P is:-4.505646355657107E-09
The second  derivative    (Uzx) in     sec^-2 at P is: 3.747448697805902E-09
The second  derivative    (Uzy) in     sec^-2 at P is:-4.505646355657107E-09

-------------------------------------------------------------------

The Jacobi Constant (J) or (V) in km^2*sec^-2 at P is:-2.406347499170810E-08

-------------------------------------------------------------------

The Rotation Period in hours is: 4.296057000000000E+00
Density: 1.190000000000000E+12

