
The coordinate (X) of the equilibrium point P in km is: 2.695587266205408E-01
The coordinate (Y) of the equilibrium point P in km is:-1.640951640018803E-01
The coordinate (Z) of the equilibrium point P in km is:-8.625985793115721E-04
-------------------------------------------------------------------

The gravitational potential (U) in km^2*sec^-2 at P is:-1.580791346688608E-08
-------------------------------------------------------------------

The first derivative       (Ux) in   km*sec^-2 at P is:-4.449057938258328E-08
The first derivative       (Uy) in   km*sec^-2 at P is: 2.708385297649995E-08
The first derivative       (Uz) in   km*sec^-2 at P is:-6.058835527339499E-22
-------------------------------------------------------------------

Length of the attraction vector in   km*sec^-2 at P is: 5.208595536083225E-08
phi   (angle to x-axis in degrees) : 148.66884
theta (angle to y-axis in degrees) :  58.66884
omega (angle to z-axis in degrees) :  90.00000

-------------------------------------------------------------------

The second  derivative    (Uxx) in     sec^-2 at P is: 2.186059249235732E-07
The second  derivative    (Uyy) in     sec^-2 at P is:-2.211305791313104E-08
The second  derivative    (Uzz) in     sec^-2 at P is:-1.964928670104407E-07

-------------------------------------------------------------------
The Laplace equation ( Uxx + Uyy + Uzz ) at P gives  : 1.455837878093329E-21
-------------------------------------------------------------------

The second  derivative    (Uxy) in     sec^-2 at P is:-2.189764959355941E-07
The second  derivative    (Uxz) in     sec^-2 at P is: 2.095843053164043E-09
The second  derivative    (Uyx) in     sec^-2 at P is:-2.189764959355941E-07
The second  derivative    (Uyz) in     sec^-2 at P is: 5.532362746971628E-10
The second  derivative    (Uzx) in     sec^-2 at P is: 2.095843053164043E-09
The second  derivative    (Uzy) in     sec^-2 at P is: 5.532362746971628E-10

-------------------------------------------------------------------

The Jacobi Constant (J) or (V) in km^2*sec^-2 at P is:-2.402649007736726E-08

-------------------------------------------------------------------

The Rotation Period in hours is: 4.296057000000000E+00
Density: 1.190000000000000E+12

