
The coordinate (X) of the equilibrium point P in km is:-2.968786089088638E-01
The coordinate (Y) of the equilibrium point P in km is:-1.271426418634514E-01
The coordinate (Z) of the equilibrium point P in km is:-2.573469504391836E-03
-------------------------------------------------------------------

The gravitational potential (U) in km^2*sec^-2 at P is:-1.564334518747328E-08
-------------------------------------------------------------------

The first derivative       (Ux) in   km*sec^-2 at P is: 4.899971698291024E-08
The first derivative       (Uy) in   km*sec^-2 at P is: 2.098485131756535E-08
The first derivative       (Uz) in   km*sec^-2 at P is: 4.639611946008397E-20
-------------------------------------------------------------------

Length of the attraction vector in   km*sec^-2 at P is: 5.330418603848695E-08
phi   (angle to x-axis in degrees) :  23.18374
theta (angle to y-axis in degrees) :  66.81626
omega (angle to z-axis in degrees) :  90.00000

-------------------------------------------------------------------

The second  derivative    (Uxx) in     sec^-2 at P is: 3.231029510028627E-07
The second  derivative    (Uyy) in     sec^-2 at P is:-9.255687996841933E-08
The second  derivative    (Uzz) in     sec^-2 at P is:-2.305460710344435E-07

-------------------------------------------------------------------
The Laplace equation ( Uxx + Uyy + Uzz ) at P gives  :-1.323488980084844E-22
-------------------------------------------------------------------

The second  derivative    (Uxy) in     sec^-2 at P is: 2.103223306978649E-07
The second  derivative    (Uxz) in     sec^-2 at P is:-4.401991985252214E-09
The second  derivative    (Uyx) in     sec^-2 at P is: 2.103223306978649E-07
The second  derivative    (Uyz) in     sec^-2 at P is:-5.090872655257342E-10
The second  derivative    (Uzx) in     sec^-2 at P is:-4.401991985252214E-09
The second  derivative    (Uzy) in     sec^-2 at P is:-5.090872655257342E-10

-------------------------------------------------------------------

The Jacobi Constant (J) or (V) in km^2*sec^-2 at P is:-2.425086381407528E-08

-------------------------------------------------------------------

The Rotation Period in hours is: 4.296057000000000E+00
Density: 1.190000000000000E+12

