

E1_1_1_1_1_1matrix.out
0.000000000000000e+00+4.804007866315018e-04j
0.000000000000000e+00-4.804007866315018e-04j
0.000000000000000e+00+3.949283456553526e-04j
0.000000000000000e+00-3.949283456553526e-04j
-2.380209449340269e-04+0.000000000000000e+00j
2.380209449340269e-04+0.000000000000000e+00j
UNSTABLE



E1_1_1_1_1_2matrix.out
0.000000000000000e+00+4.446207688538640e-04j
0.000000000000000e+00-4.446207688538640e-04j
-5.890742602584622e-05+2.639620099150002e-04j
-5.890742602584622e-05-2.639620099150002e-04j
5.890742602584605e-05+2.639620099150000e-04j
5.890742602584605e-05-2.639620099150000e-04j
UNSTABLE



E1_1_1_1_1_3matrix.out
0.000000000000000e+00+4.567092154963803e-04j
0.000000000000000e+00-4.567092154963803e-04j
0.000000000000000e+00+4.082387102412950e-04j
0.000000000000000e+00-4.082387102412950e-04j
-2.124683700880018e-04+0.000000000000000e+00j
2.124683700880020e-04+0.000000000000000e+00j
UNSTABLE



E1_1_1_1_1_4matrix.out
0.000000000000000e+00+9.670381136974405e-04j
0.000000000000000e+00-9.670381136974405e-04j
0.000000000000000e+00+6.075916189022853e-04j
0.000000000000000e+00-6.075916189022853e-04j
0.000000000000000e+00+1.544008427076714e-04j
0.000000000000000e+00-1.544008427076714e-04j
STABLE



E1_1_1_1_1_5matrix.out
0.000000000000000e+00+4.434025389214460e-04j
0.000000000000000e+00-4.434025389214460e-04j
-9.016684240390299e-05+2.736363016735402e-04j
-9.016684240390299e-05-2.736363016735402e-04j
9.016684240390307e-05+2.736363016735400e-04j
9.016684240390307e-05-2.736363016735400e-04j
UNSTABLE



E1_1_1_1_1_6matrix.out
0.000000000000000e+00+4.617262117517988e-04j
0.000000000000000e+00-4.617262117517988e-04j
-1.123266235830114e-04+2.665921884483875e-04j
-1.123266235830114e-04-2.665921884483875e-04j
1.123266235830115e-04+2.665921884483877e-04j
1.123266235830115e-04-2.665921884483877e-04j
UNSTABLE



E1_1_1_1_1_7matrix.out
-2.685552768870894e-04+0.000000000000000e+00j
0.000000000000000e+00+4.721043499375044e-04j
0.000000000000000e+00-4.721043499375044e-04j
0.000000000000000e+00+4.234840767785078e-04j
0.000000000000000e+00-4.234840767785078e-04j
2.685552768870891e-04+0.000000000000000e+00j
UNSTABLE



E1_1_1_1_1_8matrix.out
0.000000000000000e+00+4.751060552293763e-04j
0.000000000000000e+00-4.751060552293763e-04j
0.000000000000000e+00+4.108049093369686e-04j
0.000000000000000e+00-4.108049093369686e-04j
-2.537461201280066e-04+0.000000000000000e+00j
2.537461201280063e-04+0.000000000000000e+00j
UNSTABLE



E1_1_1_1_1_9matrix.out
0.000000000000000e+00+4.481505550690668e-04j
0.000000000000000e+00-4.481505550690668e-04j
-8.258243357859003e-05+2.673014594364885e-04j
-8.258243357859003e-05-2.673014594364885e-04j
8.258243357858990e-05+2.673014594364886e-04j
8.258243357858990e-05-2.673014594364886e-04j
UNSTABLE



TYPE OF STABILITY: I

UNSTABLE POINTS: 8
STABLE POINTS:   1

