
The coordinate (X) of the equilibrium point P in km is:-1.928654653385306E-01
The coordinate (Y) of the equilibrium point P in km is: 2.571943084891967E-01
The coordinate (Z) of the equilibrium point P in km is:-2.083583889204423E-04
-------------------------------------------------------------------

The gravitational potential (U) in km^2*sec^-2 at P is:-1.563943967674180E-08
-------------------------------------------------------------------

The first derivative       (Ux) in   km*sec^-2 at P is: 3.183238177199915E-08
The first derivative       (Uy) in   km*sec^-2 at P is:-4.244983622677001E-08
The first derivative       (Uz) in   km*sec^-2 at P is:-6.029994868934936E-22
-------------------------------------------------------------------

Length of the attraction vector in   km*sec^-2 at P is: 5.305929819511279E-08
phi   (angle to x-axis in degrees) :  53.13442
theta (angle to y-axis in degrees) : 143.13442
omega (angle to z-axis in degrees) :  90.00000

-------------------------------------------------------------------

The second  derivative    (Uxx) in     sec^-2 at P is: 3.031795459688772E-08
The second  derivative    (Uyy) in     sec^-2 at P is: 1.949509293543609E-07
The second  derivative    (Uzz) in     sec^-2 at P is:-2.252688839512441E-07

-------------------------------------------------------------------
The Laplace equation ( Uxx + Uyy + Uzz ) at P gives  : 4.526332311890167E-21
-------------------------------------------------------------------

The second  derivative    (Uxy) in     sec^-2 at P is:-2.850337472511148E-07
The second  derivative    (Uxz) in     sec^-2 at P is: 2.199197333617245E-09
The second  derivative    (Uyx) in     sec^-2 at P is:-2.850337472511148E-07
The second  derivative    (Uyz) in     sec^-2 at P is: 2.152518549035435E-09
The second  derivative    (Uzx) in     sec^-2 at P is: 2.199197333617245E-09
The second  derivative    (Uzy) in     sec^-2 at P is: 2.152518549035435E-09

-------------------------------------------------------------------

The Jacobi Constant (J) or (V) in km^2*sec^-2 at P is:-2.416805137533838E-08

-------------------------------------------------------------------

The Rotation Period in hours is: 4.296057000000000E+00
Density: 1.190000000000000E+12

