
The coordinate (X) of the equilibrium point P in km is:-2.727552080682807E-01
The coordinate (Y) of the equilibrium point P in km is: 1.638785727118861E-01
The coordinate (Z) of the equilibrium point P in km is:-2.316043679913961E-03
-------------------------------------------------------------------

The gravitational potential (U) in km^2*sec^-2 at P is:-1.575938590362043E-08
-------------------------------------------------------------------

The first derivative       (Ux) in   km*sec^-2 at P is: 4.501815759672412E-08
The first derivative       (Uy) in   km*sec^-2 at P is:-2.704810465515903E-08
The first derivative       (Uz) in   km*sec^-2 at P is:-1.257114281124955E-21
-------------------------------------------------------------------

Length of the attraction vector in   km*sec^-2 at P is: 5.251889639777215E-08
phi   (angle to x-axis in degrees) :  30.99857
theta (angle to y-axis in degrees) : 120.99857
omega (angle to z-axis in degrees) :  90.00000

-------------------------------------------------------------------

The second  derivative    (Uxx) in     sec^-2 at P is: 2.279407013164847E-07
The second  derivative    (Uyy) in     sec^-2 at P is:-1.530343602946573E-08
The second  derivative    (Uzz) in     sec^-2 at P is:-2.126372652870151E-07

-------------------------------------------------------------------
The Laplace equation ( Uxx + Uyy + Uzz ) at P gives  : 3.811648262644352E-21
-------------------------------------------------------------------

The second  derivative    (Uxy) in     sec^-2 at P is:-2.277239845408594E-07
The second  derivative    (Uxz) in     sec^-2 at P is:-2.756299352082759E-09
The second  derivative    (Uyx) in     sec^-2 at P is:-2.277239845408594E-07
The second  derivative    (Uyz) in     sec^-2 at P is: 5.678347530682483E-09
The second  derivative    (Uzx) in     sec^-2 at P is:-2.756299352082759E-09
The second  derivative    (Uzy) in     sec^-2 at P is: 5.678347530682483E-09

-------------------------------------------------------------------

The Jacobi Constant (J) or (V) in km^2*sec^-2 at P is:-2.411515676741743E-08

-------------------------------------------------------------------

The Rotation Period in hours is: 4.296057000000000E+00
Density: 1.190000000000000E+12

