
The coordinate (X) of the equilibrium point P in km is: 5.934023310986750E-03
The coordinate (Y) of the equilibrium point P in km is:-3.144335895105536E-01
The coordinate (Z) of the equilibrium point P in km is:-1.414213562369095E-03
-------------------------------------------------------------------

The gravitational potential (U) in km^2*sec^-2 at P is:-1.577397341314777E-08
-------------------------------------------------------------------

The first derivative       (Ux) in   km*sec^-2 at P is:-9.799770975826443E-10
The first derivative       (Uy) in   km*sec^-2 at P is: 5.189709737411584E-08
The first derivative       (Uz) in   km*sec^-2 at P is:-9.274500582179845E-15
-------------------------------------------------------------------

Length of the attraction vector in   km*sec^-2 at P is: 5.190634904296713E-08
phi   (angle to x-axis in degrees) :  91.08179
theta (angle to y-axis in degrees) :   1.08179
omega (angle to z-axis in degrees) :  90.00001

-------------------------------------------------------------------

The second  derivative    (Uxx) in     sec^-2 at P is:-1.522345458753843E-07
The second  derivative    (Uyy) in     sec^-2 at P is: 3.475815092648164E-07
The second  derivative    (Uzz) in     sec^-2 at P is:-1.953469633894345E-07

-------------------------------------------------------------------
The Laplace equation ( Uxx + Uyy + Uzz ) at P gives  :-2.329340604949326E-21
-------------------------------------------------------------------

The second  derivative    (Uxy) in     sec^-2 at P is:-1.245131884142415E-08
The second  derivative    (Uxz) in     sec^-2 at P is: 3.926530380443871E-09
The second  derivative    (Uyx) in     sec^-2 at P is:-1.245131884142415E-08
The second  derivative    (Uyz) in     sec^-2 at P is: 4.289754016562890E-10
The second  derivative    (Uzx) in     sec^-2 at P is: 3.926530380443871E-09
The second  derivative    (Uzy) in     sec^-2 at P is: 4.289754016562890E-10

-------------------------------------------------------------------

The Jacobi Constant (J) or (V) in km^2*sec^-2 at P is:-2.393598460437409E-08

-------------------------------------------------------------------

The Rotation Period in hours is: 4.296057000000000E+00
Density: 1.190000000000000E+12

