
The coordinate (X) of the equilibrium point P in km is: 3.114033619687630E-01
The coordinate (Y) of the equilibrium point P in km is: 8.511271887925193E-02
The coordinate (Z) of the equilibrium point P in km is:-8.463874255984495E-04
-------------------------------------------------------------------

The gravitational potential (U) in km^2*sec^-2 at P is:-1.564728641139613E-08
-------------------------------------------------------------------

The first derivative       (Ux) in   km*sec^-2 at P is:-5.139689449778821E-08
The first derivative       (Uy) in   km*sec^-2 at P is:-1.404836346332646E-08
The first derivative       (Uz) in   km*sec^-2 at P is:-1.644085649741684E-15
-------------------------------------------------------------------

Length of the attraction vector in   km*sec^-2 at P is: 5.328224169471946E-08
phi   (angle to x-axis in degrees) : 164.71269
theta (angle to y-axis in degrees) : 105.28731
omega (angle to z-axis in degrees) :  90.00000

-------------------------------------------------------------------

The second  derivative    (Uxx) in     sec^-2 at P is: 3.723054042539418E-07
The second  derivative    (Uyy) in     sec^-2 at P is:-1.492051743551219E-07
The second  derivative    (Uzz) in     sec^-2 at P is:-2.231002298988180E-07

-------------------------------------------------------------------
The Laplace equation ( Uxx + Uyy + Uzz ) at P gives  : 1.879354351720479E-21
-------------------------------------------------------------------

The second  derivative    (Uxy) in     sec^-2 at P is: 1.502475454894287E-07
The second  derivative    (Uxz) in     sec^-2 at P is: 1.138736486298011E-09
The second  derivative    (Uyx) in     sec^-2 at P is: 1.502475454894287E-07
The second  derivative    (Uyz) in     sec^-2 at P is:-3.390993832165724E-09
The second  derivative    (Uzx) in     sec^-2 at P is: 1.138736486298011E-09
The second  derivative    (Uzy) in     sec^-2 at P is:-3.390993832165724E-09

-------------------------------------------------------------------

The Jacobi Constant (J) or (V) in km^2*sec^-2 at P is:-2.424771359242450E-08

-------------------------------------------------------------------

The Rotation Period in hours is: 4.296057000000000E+00
Density: 1.190000000000000E+12

