
The coordinate (X) of the equilibrium point P in km is: 2.703200102506648E-01
The coordinate (Y) of the equilibrium point P in km is:-1.626450997235264E-01
The coordinate (Z) of the equilibrium point P in km is:-8.017992074631354E-04
-------------------------------------------------------------------

The gravitational potential (U) in km^2*sec^-2 at P is:-1.580420229101614E-08
-------------------------------------------------------------------

The first derivative       (Ux) in   km*sec^-2 at P is:-4.461643176098350E-08
The first derivative       (Uy) in   km*sec^-2 at P is: 2.684418605621589E-08
The first derivative       (Uz) in   km*sec^-2 at P is:-2.657783066592772E-15
-------------------------------------------------------------------

Length of the attraction vector in   km*sec^-2 at P is: 5.206953339625044E-08
phi   (angle to x-axis in degrees) : 148.96611
theta (angle to y-axis in degrees) :  58.96611
omega (angle to z-axis in degrees) :  90.00000

-------------------------------------------------------------------

The second  derivative    (Uxx) in     sec^-2 at P is: 2.209990761686122E-07
The second  derivative    (Uyy) in     sec^-2 at P is:-2.442092850486716E-08
The second  derivative    (Uzz) in     sec^-2 at P is:-1.965781476637441E-07

-------------------------------------------------------------------
The Laplace equation ( Uxx + Uyy + Uzz ) at P gives  : 8.999725064576941E-22
-------------------------------------------------------------------

The second  derivative    (Uxy) in     sec^-2 at P is:-2.179998324120292E-07
The second  derivative    (Uxz) in     sec^-2 at P is: 2.372445848415237E-09
The second  derivative    (Uyx) in     sec^-2 at P is:-2.179998324120292E-07
The second  derivative    (Uyz) in     sec^-2 at P is: 7.094416836721852E-10
The second  derivative    (Uzx) in     sec^-2 at P is: 2.372445848415237E-09
The second  derivative    (Uzy) in     sec^-2 at P is: 7.094416836721852E-10

-------------------------------------------------------------------

The Jacobi Constant (J) or (V) in km^2*sec^-2 at P is:-2.401759687490263E-08

-------------------------------------------------------------------

The Rotation Period in hours is: 4.296057000000000E+00
Density: 1.190000000000000E+12

