
The coordinate (X) of the equilibrium point P in km is: 1.887385361884430E-01
The coordinate (Y) of the equilibrium point P in km is:-2.565035584687954E-01
The coordinate (Z) of the equilibrium point P in km is:-1.462388442486712E-03
-------------------------------------------------------------------

The gravitational potential (U) in km^2*sec^-2 at P is:-1.568382802263236E-08
-------------------------------------------------------------------

The first derivative       (Ux) in   km*sec^-2 at P is:-3.115091247959225E-08
The first derivative       (Uy) in   km*sec^-2 at P is: 4.233606001718388E-08
The first derivative       (Uz) in   km*sec^-2 at P is: 1.151831303108082E-15
-------------------------------------------------------------------

Length of the attraction vector in   km*sec^-2 at P is: 5.256159554360782E-08
phi   (angle to x-axis in degrees) : 126.34567
theta (angle to y-axis in degrees) :  36.34567
omega (angle to z-axis in degrees) :  90.00000

-------------------------------------------------------------------

The second  derivative    (Uxx) in     sec^-2 at P is: 2.599195790373470E-08
The second  derivative    (Uyy) in     sec^-2 at P is: 1.811569337664073E-07
The second  derivative    (Uzz) in     sec^-2 at P is:-2.071488916701426E-07

-------------------------------------------------------------------
The Laplace equation ( Uxx + Uyy + Uzz ) at P gives  :-5.558653716356346E-22
-------------------------------------------------------------------

The second  derivative    (Uxy) in     sec^-2 at P is:-2.712264407938038E-07
The second  derivative    (Uxz) in     sec^-2 at P is: 3.649551596089846E-09
The second  derivative    (Uyx) in     sec^-2 at P is:-2.712264407938038E-07
The second  derivative    (Uyz) in     sec^-2 at P is:-4.874402210913106E-09
The second  derivative    (Uzx) in     sec^-2 at P is: 3.649551596089846E-09
The second  derivative    (Uzy) in     sec^-2 at P is:-4.874402210913106E-09

-------------------------------------------------------------------

The Jacobi Constant (J) or (V) in km^2*sec^-2 at P is:-2.405319241266499E-08

-------------------------------------------------------------------

The Rotation Period in hours is: 4.296057000000000E+00
Density: 1.190000000000000E+12

